<?xml version="1.0" encoding="UTF-8"?>
<testsuite name="com.waylau.spring.boot.blog.ApplicationTests" tests="0" skipped="0" failures="0" errors="0" timestamp="1970-01-01T00:00:00" hostname="DESKTOP-9JST5EV" time="0.0">
  <properties/>
  <system-out><![CDATA[15:20:12.016 [Test worker] DEBUG org.springframework.test.context.junit4.SpringJUnit4ClassRunner - SpringJUnit4ClassRunner constructor called with [class com.waylau.spring.boot.blog.ApplicationTests]
15:20:12.025 [Test worker] DEBUG org.springframework.test.context.BootstrapUtils - Instantiating CacheAwareContextLoaderDelegate from class [org.springframework.test.context.cache.DefaultCacheAwareContextLoaderDelegate]
15:20:12.033 [Test worker] DEBUG org.springframework.test.context.BootstrapUtils - Instantiating BootstrapContext using constructor [public org.springframework.test.context.support.DefaultBootstrapContext(java.lang.Class,org.springframework.test.context.CacheAwareContextLoaderDelegate)]
15:20:12.046 [Test worker] DEBUG org.springframework.test.context.BootstrapUtils - Instantiating TestContextBootstrapper for test class [com.waylau.spring.boot.blog.ApplicationTests] from class [org.springframework.boot.test.context.SpringBootTestContextBootstrapper]
15:20:12.057 [Test worker] INFO org.springframework.boot.test.context.SpringBootTestContextBootstrapper - Neither @ContextConfiguration nor @ContextHierarchy found for test class [com.waylau.spring.boot.blog.ApplicationTests], using SpringBootContextLoader
15:20:12.061 [Test worker] DEBUG org.springframework.test.context.support.AbstractContextLoader - Did not detect default resource location for test class [com.waylau.spring.boot.blog.ApplicationTests]: class path resource [com/waylau/spring/boot/blog/ApplicationTests-context.xml] does not exist
15:20:12.061 [Test worker] DEBUG org.springframework.test.context.support.AbstractContextLoader - Did not detect default resource location for test class [com.waylau.spring.boot.blog.ApplicationTests]: class path resource [com/waylau/spring/boot/blog/ApplicationTestsContext.groovy] does not exist
15:20:12.062 [Test worker] INFO org.springframework.test.context.support.AbstractContextLoader - Could not detect default resource locations for test class [com.waylau.spring.boot.blog.ApplicationTests]: no resource found for suffixes {-context.xml, Context.groovy}.
15:20:12.062 [Test worker] INFO org.springframework.test.context.support.AnnotationConfigContextLoaderUtils - Could not detect default configuration classes for test class [com.waylau.spring.boot.blog.ApplicationTests]: ApplicationTests does not declare any static, non-private, non-final, nested classes annotated with @Configuration.
15:20:12.107 [Test worker] DEBUG org.springframework.test.context.support.ActiveProfilesUtils - Could not find an 'annotation declaring class' for annotation type [org.springframework.test.context.ActiveProfiles] and class [com.waylau.spring.boot.blog.ApplicationTests]
15:20:12.114 [Test worker] DEBUG org.springframework.core.env.StandardEnvironment - Adding [systemProperties] PropertySource with lowest search precedence
15:20:12.116 [Test worker] DEBUG org.springframework.core.env.StandardEnvironment - Adding [systemEnvironment] PropertySource with lowest search precedence
15:20:12.116 [Test worker] DEBUG org.springframework.core.env.StandardEnvironment - Initialized StandardEnvironment with PropertySources [systemProperties,systemEnvironment]
15:20:12.128 [Test worker] DEBUG org.springframework.core.io.support.PathMatchingResourcePatternResolver - Resolved classpath location [com/waylau/spring/boot/blog/] to resources [URL [file:/E:/WorkSpace/blog-blog/build/classes/java/test/com/waylau/spring/boot/blog/], URL [file:/E:/WorkSpace/blog-blog/build/classes/java/main/com/waylau/spring/boot/blog/]]
15:20:12.129 [Test worker] DEBUG org.springframework.core.io.support.PathMatchingResourcePatternResolver - Looking for matching resources in directory tree [E:\WorkSpace\blog-blog\build\classes\java\test\com\waylau\spring\boot\blog]
15:20:12.130 [Test worker] DEBUG org.springframework.core.io.support.PathMatchingResourcePatternResolver - Searching directory [E:\WorkSpace\blog-blog\build\classes\java\test\com\waylau\spring\boot\blog] for files matching pattern [E:/WorkSpace/blog-blog/build/classes/java/test/com/waylau/spring/boot/blog/*.class]
15:20:12.135 [Test worker] DEBUG org.springframework.core.io.support.PathMatchingResourcePatternResolver - Looking for matching resources in directory tree [E:\WorkSpace\blog-blog\build\classes\java\main\com\waylau\spring\boot\blog]
15:20:12.136 [Test worker] DEBUG org.springframework.core.io.support.PathMatchingResourcePatternResolver - Searching directory [E:\WorkSpace\blog-blog\build\classes\java\main\com\waylau\spring\boot\blog] for files matching pattern [E:/WorkSpace/blog-blog/build/classes/java/main/com/waylau/spring/boot/blog/*.class]
15:20:12.138 [Test worker] DEBUG org.springframework.core.io.support.PathMatchingResourcePatternResolver - Resolved location pattern [classpath*:com/waylau/spring/boot/blog/*.class] to resources [file [E:\WorkSpace\blog-blog\build\classes\java\test\com\waylau\spring\boot\blog\ApplicationTests.class], file [E:\WorkSpace\blog-blog\build\classes\java\main\com\waylau\spring\boot\blog\Application.class]]
15:20:12.191 [Test worker] DEBUG org.springframework.context.annotation.ClassPathScanningCandidateComponentProvider - Identified candidate component class: file [E:\WorkSpace\blog-blog\build\classes\java\main\com\waylau\spring\boot\blog\Application.class]
15:20:12.192 [Test worker] INFO org.springframework.boot.test.context.SpringBootTestContextBootstrapper - Found @SpringBootConfiguration com.waylau.spring.boot.blog.Application for test class com.waylau.spring.boot.blog.ApplicationTests
15:20:12.304 [Test worker] DEBUG org.springframework.boot.test.context.SpringBootTestContextBootstrapper - @TestExecutionListeners is not present for class [com.waylau.spring.boot.blog.ApplicationTests]: using defaults.
15:20:12.305 [Test worker] INFO org.springframework.boot.test.context.SpringBootTestContextBootstrapper - Loaded default TestExecutionListener class names from location [META-INF/spring.factories]: [org.springframework.boot.test.autoconfigure.restdocs.RestDocsTestExecutionListener, org.springframework.boot.test.autoconfigure.web.client.MockRestServiceServerResetTestExecutionListener, org.springframework.boot.test.autoconfigure.web.servlet.MockMvcPrintOnlyOnFailureTestExecutionListener, org.springframework.boot.test.autoconfigure.web.servlet.WebDriverTestExecutionListener, org.springframework.boot.test.mock.mockito.MockitoTestExecutionListener, org.springframework.boot.test.mock.mockito.ResetMocksTestExecutionListener, org.springframework.test.context.web.ServletTestExecutionListener, org.springframework.test.context.support.DirtiesContextBeforeModesTestExecutionListener, org.springframework.test.context.support.DependencyInjectionTestExecutionListener, org.springframework.test.context.support.DirtiesContextTestExecutionListener, org.springframework.test.context.transaction.TransactionalTestExecutionListener, org.springframework.test.context.jdbc.SqlScriptsTestExecutionListener]
15:20:12.343 [Test worker] INFO org.springframework.boot.test.context.SpringBootTestContextBootstrapper - Using TestExecutionListeners: [org.springframework.test.context.web.ServletTestExecutionListener@3cd7611c, org.springframework.test.context.support.DirtiesContextBeforeModesTestExecutionListener@6ce1f40a, org.springframework.boot.test.autoconfigure.SpringBootDependencyInjectionTestExecutionListener@49aa7ceb, org.springframework.test.context.support.DirtiesContextTestExecutionListener@2d1f1b52, org.springframework.test.context.transaction.TransactionalTestExecutionListener@2a47406c, org.springframework.test.context.jdbc.SqlScriptsTestExecutionListener@4965b08a, org.springframework.boot.test.autoconfigure.web.client.MockRestServiceServerResetTestExecutionListener@5332c069, org.springframework.boot.test.mock.mockito.ResetMocksTestExecutionListener@62294d6, org.springframework.boot.test.mock.mockito.MockitoTestExecutionListener@16f6f05e, org.springframework.boot.test.autoconfigure.restdocs.RestDocsTestExecutionListener@72f3e3ea, org.springframework.boot.test.autoconfigure.web.servlet.WebDriverTestExecutionListener@37875455, org.springframework.boot.test.autoconfigure.web.servlet.MockMvcPrintOnlyOnFailureTestExecutionListener@2511f257]
15:20:12.345 [Test worker] DEBUG org.springframework.test.annotation.ProfileValueUtils - Retrieved @ProfileValueSourceConfiguration [null] for test class [com.waylau.spring.boot.blog.ApplicationTests]
15:20:12.346 [Test worker] DEBUG org.springframework.test.annotation.ProfileValueUtils - Retrieved ProfileValueSource type [class org.springframework.test.annotation.SystemProfileValueSource] for class [com.waylau.spring.boot.blog.ApplicationTests]
]]></system-out>
  <system-err><![CDATA[]]></system-err>
</testsuite>
