<?xml version="1.0" encoding="UTF-8"?>
<testsuite name="com.waylau.spring.boot.blog.controller.HelloControllerTest" tests="0" skipped="0" failures="0" errors="0" timestamp="1970-01-01T00:00:00" hostname="DESKTOP-9JST5EV" time="0.0">
  <properties/>
  <system-out><![CDATA[15:20:12.359 [Test worker] DEBUG org.springframework.test.context.junit4.SpringJUnit4ClassRunner - SpringJUnit4ClassRunner constructor called with [class com.waylau.spring.boot.blog.controller.HelloControllerTest]
15:20:12.360 [Test worker] DEBUG org.springframework.test.context.BootstrapUtils - Instantiating CacheAwareContextLoaderDelegate from class [org.springframework.test.context.cache.DefaultCacheAwareContextLoaderDelegate]
15:20:12.360 [Test worker] DEBUG org.springframework.test.context.BootstrapUtils - Instantiating BootstrapContext using constructor [public org.springframework.test.context.support.DefaultBootstrapContext(java.lang.Class,org.springframework.test.context.CacheAwareContextLoaderDelegate)]
15:20:12.361 [Test worker] DEBUG org.springframework.test.context.BootstrapUtils - Instantiating TestContextBootstrapper for test class [com.waylau.spring.boot.blog.controller.HelloControllerTest] from class [org.springframework.boot.test.context.SpringBootTestContextBootstrapper]
15:20:12.362 [Test worker] INFO org.springframework.boot.test.context.SpringBootTestContextBootstrapper - Neither @ContextConfiguration nor @ContextHierarchy found for test class [com.waylau.spring.boot.blog.controller.HelloControllerTest], using SpringBootContextLoader
15:20:12.364 [Test worker] DEBUG org.springframework.test.context.support.AbstractContextLoader - Did not detect default resource location for test class [com.waylau.spring.boot.blog.controller.HelloControllerTest]: class path resource [com/waylau/spring/boot/blog/controller/HelloControllerTest-context.xml] does not exist
15:20:12.365 [Test worker] DEBUG org.springframework.test.context.support.AbstractContextLoader - Did not detect default resource location for test class [com.waylau.spring.boot.blog.controller.HelloControllerTest]: class path resource [com/waylau/spring/boot/blog/controller/HelloControllerTestContext.groovy] does not exist
15:20:12.365 [Test worker] INFO org.springframework.test.context.support.AbstractContextLoader - Could not detect default resource locations for test class [com.waylau.spring.boot.blog.controller.HelloControllerTest]: no resource found for suffixes {-context.xml, Context.groovy}.
15:20:12.366 [Test worker] INFO org.springframework.test.context.support.AnnotationConfigContextLoaderUtils - Could not detect default configuration classes for test class [com.waylau.spring.boot.blog.controller.HelloControllerTest]: HelloControllerTest does not declare any static, non-private, non-final, nested classes annotated with @Configuration.
15:20:12.381 [Test worker] DEBUG org.springframework.test.context.support.ActiveProfilesUtils - Could not find an 'annotation declaring class' for annotation type [org.springframework.test.context.ActiveProfiles] and class [com.waylau.spring.boot.blog.controller.HelloControllerTest]
15:20:12.381 [Test worker] DEBUG org.springframework.core.env.StandardEnvironment - Adding [systemProperties] PropertySource with lowest search precedence
15:20:12.381 [Test worker] DEBUG org.springframework.core.env.StandardEnvironment - Adding [systemEnvironment] PropertySource with lowest search precedence
15:20:12.381 [Test worker] DEBUG org.springframework.core.env.StandardEnvironment - Initialized StandardEnvironment with PropertySources [systemProperties,systemEnvironment]
15:20:12.383 [Test worker] DEBUG org.springframework.core.io.support.PathMatchingResourcePatternResolver - Resolved classpath location [com/waylau/spring/boot/blog/controller/] to resources [URL [file:/E:/WorkSpace/blog-blog/build/classes/java/test/com/waylau/spring/boot/blog/controller/], URL [file:/E:/WorkSpace/blog-blog/build/classes/java/main/com/waylau/spring/boot/blog/controller/]]
15:20:12.383 [Test worker] DEBUG org.springframework.core.io.support.PathMatchingResourcePatternResolver - Looking for matching resources in directory tree [E:\WorkSpace\blog-blog\build\classes\java\test\com\waylau\spring\boot\blog\controller]
15:20:12.383 [Test worker] DEBUG org.springframework.core.io.support.PathMatchingResourcePatternResolver - Searching directory [E:\WorkSpace\blog-blog\build\classes\java\test\com\waylau\spring\boot\blog\controller] for files matching pattern [E:/WorkSpace/blog-blog/build/classes/java/test/com/waylau/spring/boot/blog/controller/*.class]
15:20:12.384 [Test worker] DEBUG org.springframework.core.io.support.PathMatchingResourcePatternResolver - Looking for matching resources in directory tree [E:\WorkSpace\blog-blog\build\classes\java\main\com\waylau\spring\boot\blog\controller]
15:20:12.384 [Test worker] DEBUG org.springframework.core.io.support.PathMatchingResourcePatternResolver - Searching directory [E:\WorkSpace\blog-blog\build\classes\java\main\com\waylau\spring\boot\blog\controller] for files matching pattern [E:/WorkSpace/blog-blog/build/classes/java/main/com/waylau/spring/boot/blog/controller/*.class]
15:20:12.386 [Test worker] DEBUG org.springframework.core.io.support.PathMatchingResourcePatternResolver - Resolved location pattern [classpath*:com/waylau/spring/boot/blog/controller/*.class] to resources [file [E:\WorkSpace\blog-blog\build\classes\java\test\com\waylau\spring\boot\blog\controller\HelloControllerTest.class], file [E:\WorkSpace\blog-blog\build\classes\java\main\com\waylau\spring\boot\blog\controller\AdminController.class], file [E:\WorkSpace\blog-blog\build\classes\java\main\com\waylau\spring\boot\blog\controller\BlogController.class], file [E:\WorkSpace\blog-blog\build\classes\java\main\com\waylau\spring\boot\blog\controller\HelloController.class], file [E:\WorkSpace\blog-blog\build\classes\java\main\com\waylau\spring\boot\blog\controller\MainController.class], file [E:\WorkSpace\blog-blog\build\classes\java\main\com\waylau\spring\boot\blog\controller\UserController.class], file [E:\WorkSpace\blog-blog\build\classes\java\main\com\waylau\spring\boot\blog\controller\UserspaceController.class]]
15:20:12.416 [Test worker] DEBUG org.springframework.core.io.support.PathMatchingResourcePatternResolver - Resolved classpath location [com/waylau/spring/boot/blog/] to resources [URL [file:/E:/WorkSpace/blog-blog/build/classes/java/test/com/waylau/spring/boot/blog/], URL [file:/E:/WorkSpace/blog-blog/build/classes/java/main/com/waylau/spring/boot/blog/]]
15:20:12.417 [Test worker] DEBUG org.springframework.core.io.support.PathMatchingResourcePatternResolver - Looking for matching resources in directory tree [E:\WorkSpace\blog-blog\build\classes\java\test\com\waylau\spring\boot\blog]
15:20:12.417 [Test worker] DEBUG org.springframework.core.io.support.PathMatchingResourcePatternResolver - Searching directory [E:\WorkSpace\blog-blog\build\classes\java\test\com\waylau\spring\boot\blog] for files matching pattern [E:/WorkSpace/blog-blog/build/classes/java/test/com/waylau/spring/boot/blog/*.class]
15:20:12.418 [Test worker] DEBUG org.springframework.core.io.support.PathMatchingResourcePatternResolver - Looking for matching resources in directory tree [E:\WorkSpace\blog-blog\build\classes\java\main\com\waylau\spring\boot\blog]
15:20:12.418 [Test worker] DEBUG org.springframework.core.io.support.PathMatchingResourcePatternResolver - Searching directory [E:\WorkSpace\blog-blog\build\classes\java\main\com\waylau\spring\boot\blog] for files matching pattern [E:/WorkSpace/blog-blog/build/classes/java/main/com/waylau/spring/boot/blog/*.class]
15:20:12.422 [Test worker] DEBUG org.springframework.core.io.support.PathMatchingResourcePatternResolver - Resolved location pattern [classpath*:com/waylau/spring/boot/blog/*.class] to resources [file [E:\WorkSpace\blog-blog\build\classes\java\test\com\waylau\spring\boot\blog\ApplicationTests.class], file [E:\WorkSpace\blog-blog\build\classes\java\main\com\waylau\spring\boot\blog\Application.class]]
15:20:12.425 [Test worker] DEBUG org.springframework.context.annotation.ClassPathScanningCandidateComponentProvider - Identified candidate component class: file [E:\WorkSpace\blog-blog\build\classes\java\main\com\waylau\spring\boot\blog\Application.class]
15:20:12.425 [Test worker] INFO org.springframework.boot.test.context.SpringBootTestContextBootstrapper - Found @SpringBootConfiguration com.waylau.spring.boot.blog.Application for test class com.waylau.spring.boot.blog.controller.HelloControllerTest
15:20:12.433 [Test worker] DEBUG org.springframework.boot.test.context.SpringBootTestContextBootstrapper - @TestExecutionListeners is not present for class [com.waylau.spring.boot.blog.controller.HelloControllerTest]: using defaults.
15:20:12.433 [Test worker] INFO org.springframework.boot.test.context.SpringBootTestContextBootstrapper - Loaded default TestExecutionListener class names from location [META-INF/spring.factories]: [org.springframework.boot.test.autoconfigure.restdocs.RestDocsTestExecutionListener, org.springframework.boot.test.autoconfigure.web.client.MockRestServiceServerResetTestExecutionListener, org.springframework.boot.test.autoconfigure.web.servlet.MockMvcPrintOnlyOnFailureTestExecutionListener, org.springframework.boot.test.autoconfigure.web.servlet.WebDriverTestExecutionListener, org.springframework.boot.test.mock.mockito.MockitoTestExecutionListener, org.springframework.boot.test.mock.mockito.ResetMocksTestExecutionListener, org.springframework.test.context.web.ServletTestExecutionListener, org.springframework.test.context.support.DirtiesContextBeforeModesTestExecutionListener, org.springframework.test.context.support.DependencyInjectionTestExecutionListener, org.springframework.test.context.support.DirtiesContextTestExecutionListener, org.springframework.test.context.transaction.TransactionalTestExecutionListener, org.springframework.test.context.jdbc.SqlScriptsTestExecutionListener]
15:20:12.434 [Test worker] INFO org.springframework.boot.test.context.SpringBootTestContextBootstrapper - Using TestExecutionListeners: [org.springframework.test.context.web.ServletTestExecutionListener@5c1adbca, org.springframework.test.context.support.DirtiesContextBeforeModesTestExecutionListener@6e37452c, org.springframework.boot.test.autoconfigure.SpringBootDependencyInjectionTestExecutionListener@39f4ff80, org.springframework.test.context.support.DirtiesContextTestExecutionListener@57a5003b, org.springframework.test.context.transaction.TransactionalTestExecutionListener@5d6b558e, org.springframework.test.context.jdbc.SqlScriptsTestExecutionListener@921752a, org.springframework.boot.test.autoconfigure.web.client.MockRestServiceServerResetTestExecutionListener@17379371, org.springframework.boot.test.mock.mockito.ResetMocksTestExecutionListener@686cfd74, org.springframework.boot.test.mock.mockito.MockitoTestExecutionListener@6f2c12d2, org.springframework.boot.test.autoconfigure.restdocs.RestDocsTestExecutionListener@6d26a238, org.springframework.boot.test.autoconfigure.web.servlet.WebDriverTestExecutionListener@46a118f6, org.springframework.boot.test.autoconfigure.web.servlet.MockMvcPrintOnlyOnFailureTestExecutionListener@4929ca0b]
15:20:12.434 [Test worker] DEBUG org.springframework.test.annotation.ProfileValueUtils - Retrieved @ProfileValueSourceConfiguration [null] for test class [com.waylau.spring.boot.blog.controller.HelloControllerTest]
15:20:12.434 [Test worker] DEBUG org.springframework.test.annotation.ProfileValueUtils - Retrieved ProfileValueSource type [class org.springframework.test.annotation.SystemProfileValueSource] for class [com.waylau.spring.boot.blog.controller.HelloControllerTest]
]]></system-out>
  <system-err><![CDATA[]]></system-err>
</testsuite>
